<?xml version="1.0" encoding="UTF-8"?>
<!-- Generated by org.testng.reporters.JUnitReportReporter -->
<testsuite skipped="0" hostname="Eai-ShubhamMathur" name="com.masteringSelenium.BasicTest" tests="1" failures="0" timestamp="03 Jan 2020 07:29:29 GMT" time="12.633" errors="0">
  <testcase name="googleCheeseExample" time="12.633" classname="com.masteringSelenium.BasicTest"/>
</testsuite> <!-- com.masteringSelenium.BasicTest -->
