<?xml version="1.0" encoding="UTF-8"?>
<!-- Generated by org.testng.reporters.JUnitReportReporter -->
<testsuite skipped="0" hostname="Eai-ShubhamMathur" name="com.masteringSelenium.BasicTest" tests="2" failures="0" timestamp="06 Jan 2020 16:03:24 GMT" time="21.456" errors="0">
  <testcase name="googleBreadExample" time="10.200" classname="com.masteringSelenium.BasicTest"/>
  <testcase name="googleCheeseExample" time="11.256" classname="com.masteringSelenium.BasicTest"/>
</testsuite> <!-- com.masteringSelenium.BasicTest -->
