<?xml version="1.0" encoding="UTF-8"?>
<!-- Generated by org.testng.reporters.JUnitReportReporter -->
<testsuite skipped="0" hostname="Eai-ShubhamMathur" name="com.masteringSelenium.TesterLogs" tests="1" failures="0" timestamp="06 Jan 2020 14:36:44 GMT" time="0.153" errors="0">
  <testcase name="test112" time="0.153" classname="com.masteringSelenium.TesterLogs"/>
</testsuite> <!-- com.masteringSelenium.TesterLogs -->
